make all --print-data-base --no-builtin-variables --no-builtin-rules --question
# GNU Make 3.81
# Copyright (C) 2006  Free Software Foundation, Inc.
# This is free software; see the source for copying conditions.
# There is NO warranty; not even for MERCHANTABILITY or FITNESS FOR A
# PARTICULAR PURPOSE.

# This program built for i386-apple-darwin11.3.0
 

# Make data base, printed on Wed Jun 29 00:20:47 2022

# Variables

# automatic
 
<D = $(patsubst %/,%,$(dir $<))
# makefile (from `Makefile', line 19)
RL_INCLUDE = $(addprefix $(shell brew --prefix readline), /include)
# automatic
?F = $(notdir $?)
# makefile (from `Makefile', line 26)
OBJ = $(SRCS:.c=.o)
# environment
VSCODE_LOG_NATIVE = false
# automatic
?D = $(patsubst %/,%,$(dir $?))
# automatic
@D = $(patsubst %/,%,$(dir $@))
# automatic
@F = $(notdir $@)
# makefile
CURDIR := /Users/abigeddi/Desktop/kilwa
# makefile
SHELL = /bin/sh
# environment
VSCODE_NLS_CONFIG = {"locale":"en-us","availableLanguages":{},"_languagePackSupport":true}
# environment
_ = /usr/bin/make
# makefile (from `Makefile', line 1)
MAKEFILE_LIST :=  Makefile
# makefile (from `Makefile', line 24)
SRCS = mini.c liste.c parsing/token00.c parsing/token01.c parsing/token02.c syntax/syntax.c
# environment
VSCODE_VERBOSE_LOGGING = true
# environment
VSCODE_IPC_HOOK_EXTHOST = /var/folders/zz/zyxvpxvq6csfxvn_n000cdpc0033dl/T/vscode-ipc-c4adc5d4-0246-46f5-b9b7-987b374f8f69.sock
# environment
VSCODE_CWD = /
# environment
PATH = /Users/abigeddi/.brew/bin:/Users/abigeddi/goinfre/.brew/bin:/usr/local/bin:/usr/bin:/bin:/usr/sbin:/sbin:/usr/local/munki:/Library/Frameworks/Mono.framework/Versions/Current/Commands
# environment
LSCOLORS = Gxfxcxdxbxegedabagacad
# environment
LaunchInstanceID = B107E125-13B5-42D2-A458-D3A8BA4F40C2
# environment
VSCODE_LOG_STACK = false
# environment
ELECTRON_RUN_AS_NODE = 1
# makefile (from `Makefile', line 21)
RL_LIB = $(addprefix $(shell brew --prefix readline), /lib)
# default
.FEATURES := target-specific order-only second-expansion else-if archives jobserver check-symlink
# environment
SSH_AUTH_SOCK = /private/tmp/com.apple.launchd.iX1D4YrSBt/Listeners
# automatic
%F = $(notdir $%)
# environment
HOMEBREW_TEMP = /tmp/abigeddi/Homebrew/Temp
# environment
VSCODE_PIPE_LOGGING = true
# environment
PWD = /Users/abigeddi/Desktop/kilwa
# environment
ORIGINAL_XDG_CURRENT_DESKTOP = undefined
# environment
VSCODE_AMD_ENTRYPOINT = vs/workbench/api/node/extensionHostProcess
# environment
HOME = /Users/abigeddi
# default
MAKEFILEPATH = $(shell /usr/bin/xcode-select -print-path 2>/dev/null || echo /Developer)/Makefiles
# environment
VSCODE_CODE_CACHE_PATH = /Users/abigeddi/Library/Application Support/Code/CachedData/57fd6d0195bb9b9d1b49f6da5db789060795de47
# environment
LOGNAME = abigeddi
# environment
APPLICATION_INSIGHTS_NO_DIAGNOSTIC_CHANNEL = 1
# environment
ZSH = /Users/abigeddi/.oh-my-zsh
# environment
VSCODE_HANDLES_UNCAUGHT_ERRORS = true
# automatic
^D = $(patsubst %/,%,$(dir $^))
# environment
XPC_FLAGS = 0x0
# default
MAKE = $(MAKE_COMMAND)
# default
MAKECMDGOALS := all
# environment
HOMEBREW_CACHE = /tmp/abigeddi/Homebrew/Caches
# environment
SHLVL = 1
# makefile (from `Makefile', line 15)
CC = gcc
# default
MAKE_VERSION := 3.81
# environment
USER = abigeddi
# makefile
.DEFAULT_GOAL := all
# makefile (from `Makefile', line 13)
NAME = minishell
# environment
LESS = -R
# automatic
%D = $(patsubst %/,%,$(dir $%))
# default
MAKE_COMMAND := /Library/Developer/CommandLineTools/usr/bin/make
# default
.VARIABLES := 
# environment
TMPDIR = /var/folders/zz/zyxvpxvq6csfxvn_n000cdpc0033dl/T/
# automatic
*F = $(notdir $*)
# environment
VSCODE_IPC_HOOK = /Users/abigeddi/Library/Application Support/Code/1.67.0-main.sock
# makefile
MAKEFLAGS = Rrqp
# environment
MFLAGS = -Rrqp
# automatic
*D = $(patsubst %/,%,$(dir $*))
# environment
XPC_SERVICE_NAME = com.apple.xpc.launchd.oneshot.0x10000002.Electron
# automatic
+D = $(patsubst %/,%,$(dir $+))
# automatic
+F = $(notdir $+)
# environment
__CF_USER_TEXT_ENCODING = 0x18DB3:0:0
# environment
COMMAND_MODE = unix2003
# default
MAKEFILES := 
# environment
HOMEBREW_NO_AUTO_UPDATE = 1
# automatic
<F = $(notdir $<)
# makefile (from `Makefile', line 22)
LIB = minishell.h
# environment
PAGER = less
# environment
LC_ALL = C
# environment
SECURITYSESSIONID = 186a8
# automatic
^F = $(notdir $^)
# default
SUFFIXES := 
# default
.INCLUDE_DIRS = /usr/local/include
# environment
MAKELEVEL := 0
# environment
LANG = C
# environment
VSCODE_PID = 16389
# variable set hash-table stats:
# Load=77/1024=8%, Rehash=0, Collisions=6/112=5%

# Pattern-specific Variable Values

# No pattern-specific variable values.

# Directories

# . (device 16777225, inode 2672903): 11 files, no impossibilities.

# 11 files, no impossibilities in 1 directories.

# Implicit Rules

%.o: %.c minishell.h
#  commands to execute (from `Makefile', line 33):
	$(CC) $(FLAGS) -c $< -o $@ -I $(RL_INCLUDE)
	

# 1 implicit rules, 0 (0.0%) terminal.

# Files

# Not a target:
parsing/token00.o:
#  Implicit rule search has not been done.
#  Modification time never checked.
#  File has not been updated.

all: minishell
#  Command-line target.
#  Implicit rule search has been done.
#  File does not exist.
#  File has been updated.
#  Needs to be updated (-q is set).
# variable set hash-table stats:
# Load=0/32=0%, Rehash=0, Collisions=0/7=0%

# Not a target:
parsing/token01.o:
#  Implicit rule search has not been done.
#  Modification time never checked.
#  File has not been updated.

# Not a target:
parsing/token02.o:
#  Implicit rule search has not been done.
#  Modification time never checked.
#  File has not been updated.

# Not a target:
.SUFFIXES:
#  Implicit rule search has not been done.
#  Modification time never checked.
#  File has not been updated.

# Not a target:
Makefile:
#  Implicit rule search has been done.
#  Last modified 2022-06-28 09:19:37
#  File has been updated.
#  Successfully updated.
# variable set hash-table stats:
# Load=0/32=0%, Rehash=0, Collisions=0/0=0%

# Not a target:
liste.o:
#  Implicit rule search has not been done.
#  Modification time never checked.
#  File has not been updated.

minishell: mini.o liste.o parsing/token00.o parsing/token01.o parsing/token02.o syntax/syntax.o
#  Implicit rule search has not been done.
#  File does not exist.
#  File has been updated.
#  Needs to be updated (-q is set).
# variable set hash-table stats:
# Load=0/32=0%, Rehash=0, Collisions=0/7=0%
#  commands to execute (from `Makefile', line 30):
	$(CC) $(FLAGS) $(OBJ) -L $(RL_LIB) -lreadline -o $(NAME)
	

fclean: clean
#  Implicit rule search has not been done.
#  Modification time never checked.
#  File has not been updated.
#  commands to execute (from `Makefile', line 40):
	rm -f $(NAME)
	

# Not a target:
.DEFAULT:
#  Implicit rule search has not been done.
#  Modification time never checked.
#  File has not been updated.

mini.o: mini.c minishell.h
#  Implicit rule search has been done.
#  Implicit/static pattern stem: `mini'
#  File does not exist.
#  File has been updated.
#  Needs to be updated (-q is set).
# automatic
# @ := mini.o
# automatic
# % := 
# automatic
# * := mini
# automatic
# + := mini.c minishell.h
# automatic
# | := 
# automatic
# < := mini.c
# automatic
# ^ := mini.c minishell.h
# automatic
# ? := mini.c minishell.h
# variable set hash-table stats:
# Load=8/32=25%, Rehash=0, Collisions=2/17=12%
#  commands to execute (from `Makefile', line 33):
	$(CC) $(FLAGS) -c $< -o $@ -I $(RL_INCLUDE)
	

re: fclean all
#  Implicit rule search has not been done.
#  Modification time never checked.
#  File has not been updated.

clean:
#  Implicit rule search has not been done.
#  Modification time never checked.
#  File has not been updated.
#  commands to execute (from `Makefile', line 37):
	rm -rf $(OBJ)
	

# Not a target:
syntax/syntax.o:
#  Implicit rule search has not been done.
#  Modification time never checked.
#  File has not been updated.

# Not a target:
minishell.h:
#  Implicit rule search has been done.
#  Last modified 2022-06-28 09:19:37
#  File has been updated.
#  Successfully updated.
# variable set hash-table stats:
# Load=0/32=0%, Rehash=0, Collisions=0/0=0%

# Not a target:
mini.c:
#  Implicit rule search has been done.
#  Last modified 2022-06-28 09:19:37
#  File has been updated.
#  Successfully updated.
# variable set hash-table stats:
# Load=0/32=0%, Rehash=0, Collisions=0/0=0%

# files hash-table stats:
# Load=16/1024=2%, Rehash=0, Collisions=0/44=0%
# VPATH Search Paths

# No `vpath' search paths.

# No general (`VPATH' variable) search path.

# # of strings in strcache: 1
 
# # of strcache buffers: 1
# strcache size: total = 4096 / max = 4096 / min = 4096 / avg = 4096
# strcache free: total = 4087 / max = 4087 / min = 4087 / avg = 4087

# Finished Make data base on Wed Jun 29 00:20:47 2022

 
